<?xml version="1.0" encoding="UTF-8"?>
<testsuite name="cookbook.CookbookApplicationTests" tests="1" skipped="0" failures="0" errors="0" timestamp="2017-05-18T20:32:40" hostname="DESKTOP-AM5SNTP" time="0.001">
  <properties/>
  <testcase name="contextLoads" classname="cookbook.CookbookApplicationTests" time="0.001"/>
  <system-out><![CDATA[]]></system-out>
  <system-err><![CDATA[]]></system-err>
</testsuite>
